[debug] [2023-03-30T08:01:15.620Z] ----------------------------------------------------------------------
[debug] [2023-03-30T08:01:15.622Z] Command:       C:\Program Files\nodejs\node.exe C:\Users\kunal\AppData\Roaming\npm\node_modules\firebase-tools\lib\bin\firebase.js init
[debug] [2023-03-30T08:01:15.622Z] CLI Version:   11.25.2
[debug] [2023-03-30T08:01:15.622Z] Platform:      win32
[debug] [2023-03-30T08:01:15.622Z] Node Version:  v16.13.2
[debug] [2023-03-30T08:01:15.623Z] Time:          Thu Mar 30 2023 13:31:15 GMT+0530 (India Standard Time)
[debug] [2023-03-30T08:01:15.623Z] ----------------------------------------------------------------------
[debug] 
[debug] [2023-03-30T08:01:15.701Z] > command requires scopes: ["email","openid","https://www.googleapis.com/auth/cloudplatformprojects.readonly","https://www.googleapis.com/auth/firebase","https://www.googleapis.com/auth/cloud-platform"]
[debug] [2023-03-30T08:01:15.701Z] > authorizing via signed-in user (kunal15febjha@gmail.com)
[info] 
     ######## #### ########  ######## ########     ###     ######  ########
     ##        ##  ##     ## ##       ##     ##  ##   ##  ##       ##
     ######    ##  ########  ######   ########  #########  ######  ######
     ##        ##  ##    ##  ##       ##     ## ##     ##       ## ##
     ##       #### ##     ## ######## ########  ##     ##  ######  ########

You're about to initialize a Firebase project in this directory:

  C:\Users\kunal\Desktop\AmazonClone\amazonclone

Before we get started, keep in mind:

  * You are initializing within an existing Firebase project directory

[info] 
=== Project Setup
[info] 
[info] First, let's associate this project directory with a Firebase project.
[info] You can create multiple project aliases by running firebase use --add, 
[info] but for now we'll just set up a default project.
[info] 
[debug] [2023-03-30T08:01:25.634Z] Using project from CLI flag: clone-350f1
[debug] [2023-03-30T08:01:25.638Z] >>> [apiv2][query] GET https://firebase.googleapis.com/v1beta1/projects/clone-350f1 [none]
[debug] [2023-03-30T08:01:26.548Z] <<< [apiv2][status] GET https://firebase.googleapis.com/v1beta1/projects/clone-350f1 200
[debug] [2023-03-30T08:01:26.549Z] <<< [apiv2][body] GET https://firebase.googleapis.com/v1beta1/projects/clone-350f1 {"projectId":"clone-350f1","projectNumber":"672560285041","displayName":"amazon-clone","name":"projects/clone-350f1","resources":{"hostingSite":"clone-350f1"},"state":"ACTIVE","etag":"1_9df30045-42cc-43f8-a779-c81076dbd6ad"}
[info] i  Using project clone-350f1 (amazon-clone) 
[info] 
=== Hosting:github Setup
[info] 
[info] i  Detected a .git folder at C:\Users\kunal\Desktop\AmazonClone\amazonclone 
[info] i  Authorizing with GitHub to upload your service account to a GitHub repository's secrets store. 
[info] 
[info] Visit this URL on this device to log in:
[info] https://github.com/login/oauth/authorize?client_id=89cf50f02ac6aaed3484&state=380806180&redirect_uri=http%3A%2F%2Flocalhost%3A9005&scope=read%3Auser%20repo%20public_repo
[info] 
[info] Waiting for authentication...
[debug] [2023-03-30T08:01:27.469Z] >>> [apiv2][query] POST https://github.com/login/oauth/access_token [none]
[debug] [2023-03-30T08:01:27.470Z] >>> [apiv2][body] POST https://github.com/login/oauth/access_token [stream]
[debug] [2023-03-30T08:01:28.170Z] <<< [apiv2][status] POST https://github.com/login/oauth/access_token 200
[debug] [2023-03-30T08:01:28.170Z] <<< [apiv2][body] POST https://github.com/login/oauth/access_token {"access_token":"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","token_type":"bearer","scope":"read:user,repo"}
[debug] [2023-03-30T08:01:28.187Z] >>> [apiv2][query] GET https://api.github.com/user [none]
[debug] [2023-03-30T08:01:28.780Z] <<< [apiv2][status] GET https://api.github.com/user 200
[debug] [2023-03-30T08:01:28.780Z] <<< [apiv2][body] GET https://api.github.com/user {"login":"Kunal152000","id":96532810,"node_id":"U_kgDOBcD5Sg","avatar_url":"https://avatars.githubusercontent.com/u/96532810?v=4","gravatar_id":"","url":"https://api.github.com/users/Kunal152000","html_url":"https://github.com/Kunal152000","followers_url":"https://api.github.com/users/Kunal152000/followers","following_url":"https://api.github.com/users/Kunal152000/following{/other_user}","gists_url":"https://api.github.com/users/Kunal152000/gists{/gist_id}","starred_url":"https://api.github.com/users/Kunal152000/starred{/owner}{/repo}","subscriptions_url":"https://api.github.com/users/Kunal152000/subscriptions","organizations_url":"https://api.github.com/users/Kunal152000/orgs","repos_url":"https://api.github.com/users/Kunal152000/repos","events_url":"https://api.github.com/users/Kunal152000/events{/privacy}","received_events_url":"https://api.github.com/users/Kunal152000/received_events","type":"User","site_admin":false,"name":"kunal","company":null,"blog":"","location":null,"email":null,"hireable":null,"bio":null,"twitter_username":null,"public_repos":14,"public_gists":0,"followers":0,"following":0,"created_at":"2021-12-22T13:39:02Z","updated_at":"2023-03-04T06:35:52Z","private_gists":0,"total_private_repos":4,"owned_private_repos":4,"disk_usage":44627,"collaborators":0,"two_factor_authentication":false,"plan":{"name":"free","space":976562499,"collaborators":0,"private_repos":10000}}
[info] 
[info] +  Success! Logged into GitHub as Kunal152000 
[info] 
[debug] [2023-03-30T08:01:45.631Z] >>> [apiv2][query] GET https://api.github.com/repos/npm run build/actions/secrets/public-key type=owner
[debug] [2023-03-30T08:01:46.190Z] <<< [apiv2][status] GET https://api.github.com/repos/npm run build/actions/secrets/public-key 404
[debug] [2023-03-30T08:01:46.190Z] <<< [apiv2][body] GET https://api.github.com/repos/npm run build/actions/secrets/public-key {"message":"Not Found","documentation_url":"https://docs.github.com/rest"}
